<?xml version="1.0" encoding="UTF-8"?>
<testng-results skipped="0" failed="0" ignored="0" total="1" passed="1">
  <reporter-output>
  </reporter-output>
  <suite name="Default suite" duration-ms="40" started-at="2019-01-22T22:12:07Z" finished-at="2019-01-22T22:12:07Z">
    <groups>
    </groups>
    <test name="Default test" duration-ms="40" started-at="2019-01-22T22:12:07Z" finished-at="2019-01-22T22:12:07Z">
      <class name="LearnSeleaniumWithMaven.Maven01.DemoJenkins">
        <test-method status="PASS" signature="test1()[pri:0, instance:LearnSeleaniumWithMaven.Maven01.DemoJenkins@14acaea5]" name="test1" duration-ms="12" started-at="2019-01-22T22:12:07Z" finished-at="2019-01-22T22:12:07Z">
          <reporter-output>
          </reporter-output>
        </test-method> <!-- test1 -->
      </class> <!-- LearnSeleaniumWithMaven.Maven01.DemoJenkins -->
    </test> <!-- Default test -->
  </suite> <!-- Default suite -->
</testng-results>
